<?xml version="1.0" encoding="UTF-8"?>
<testng-results ignored="0" total="1" passed="1" failed="0" skipped="0">
  <reporter-output>
  </reporter-output>
  <suite started-at="2022-03-25T13:17:16 PDT" name="Default suite" finished-at="2022-03-25T13:17:17 PDT" duration-ms="1741">
    <groups>
    </groups>
    <test started-at="2022-03-25T13:17:16 PDT" name="Default test" finished-at="2022-03-25T13:17:17 PDT" duration-ms="1741">
      <class name="actualTest.XMLSchemaValidation">
        <test-method signature="schemaValidation()[pri:0, instance:actualTest.XMLSchemaValidation@6ca8564a]" started-at="2022-03-25T13:17:16 PDT" name="schemaValidation" finished-at="2022-03-25T13:17:17 PDT" duration-ms="1721" status="PASS">
          <reporter-output>
          </reporter-output>
        </test-method> <!-- schemaValidation -->
      </class> <!-- actualTest.XMLSchemaValidation -->
    </test> <!-- Default test -->
  </suite> <!-- Default suite -->
</testng-results>
